{"/Users/xscoopy/dev/courses/javascriptLibraries/JSLibraries_Assignment1/src/index.js": {"path":"/Users/xscoopy/dev/courses/javascriptLibraries/JSLibraries_Assignment1/src/index.js","statementMap":{"0":{"start":{"line":2,"column":19},"end":{"line":9,"column":1}},"1":{"start":{"line":3,"column":2},"end":{"line":5,"column":3}},"2":{"start":{"line":4,"column":4},"end":{"line":4,"column":14}},"3":{"start":{"line":6,"column":20},"end":{"line":6,"column":40}},"4":{"start":{"line":7,"column":19},"end":{"line":7,"column":44}},"5":{"start":{"line":8,"column":2},"end":{"line":8,"column":27}},"6":{"start":{"line":11,"column":16},"end":{"line":11,"column":42}},"7":{"start":{"line":11,"column":25},"end":{"line":11,"column":42}},"8":{"start":{"line":13,"column":24},"end":{"line":19,"column":1}},"9":{"start":{"line":14,"column":2},"end":{"line":16,"column":3}},"10":{"start":{"line":15,"column":4},"end":{"line":15,"column":14}},"11":{"start":{"line":17,"column":19},"end":{"line":17,"column":33}},"12":{"start":{"line":18,"column":2},"end":{"line":18,"column":44}},"13":{"start":{"line":21,"column":27},"end":{"line":42,"column":1}},"14":{"start":{"line":22,"column":19},"end":{"line":33,"column":3}},"15":{"start":{"line":34,"column":19},"end":{"line":34,"column":33}},"16":{"start":{"line":35,"column":20},"end":{"line":35,"column":43}},"17":{"start":{"line":36,"column":22},"end":{"line":39,"column":14}},"18":{"start":{"line":38,"column":20},"end":{"line":38,"column":75}},"19":{"start":{"line":41,"column":2},"end":{"line":41,"column":44}},"20":{"start":{"line":44,"column":26},"end":{"line":47,"column":1}},"21":{"start":{"line":45,"column":21},"end":{"line":45,"column":31}},"22":{"start":{"line":46,"column":2},"end":{"line":46,"column":43}},"23":{"start":{"line":49,"column":18},"end":{"line":64,"column":1}},"24":{"start":{"line":50,"column":20},"end":{"line":54,"column":3}},"25":{"start":{"line":55,"column":22},"end":{"line":55,"column":39}},"26":{"start":{"line":56,"column":19},"end":{"line":56,"column":40}},"27":{"start":{"line":57,"column":19},"end":{"line":57,"column":21}},"28":{"start":{"line":58,"column":2},"end":{"line":62,"column":3}},"29":{"start":{"line":58,"column":15},"end":{"line":58,"column":16}},"30":{"start":{"line":59,"column":4},"end":{"line":61,"column":5}},"31":{"start":{"line":60,"column":6},"end":{"line":60,"column":33}},"32":{"start":{"line":63,"column":2},"end":{"line":63,"column":73}},"33":{"start":{"line":66,"column":18},"end":{"line":66,"column":46}},"34":{"start":{"line":66,"column":27},"end":{"line":66,"column":46}},"35":{"start":{"line":68,"column":18},"end":{"line":73,"column":1}},"36":{"start":{"line":69,"column":19},"end":{"line":69,"column":40}},"37":{"start":{"line":70,"column":20},"end":{"line":70,"column":45}},"38":{"start":{"line":71,"column":22},"end":{"line":71,"column":64}},"39":{"start":{"line":72,"column":2},"end":{"line":72,"column":43}},"40":{"start":{"line":75,"column":14},"end":{"line":75,"column":77}},"41":{"start":{"line":75,"column":33},"end":{"line":75,"column":77}},"42":{"start":{"line":77,"column":20},"end":{"line":87,"column":1}},"43":{"start":{"line":78,"column":22},"end":{"line":80,"column":62}},"44":{"start":{"line":80,"column":20},"end":{"line":80,"column":61}},"45":{"start":{"line":81,"column":2},"end":{"line":83,"column":3}},"46":{"start":{"line":82,"column":4},"end":{"line":82,"column":75}},"47":{"start":{"line":82,"column":37},"end":{"line":82,"column":73}},"48":{"start":{"line":84,"column":2},"end":{"line":86,"column":57}},"49":{"start":{"line":86,"column":19},"end":{"line":86,"column":55}},"50":{"start":{"line":89,"column":16},"end":{"line":92,"column":1}},"51":{"start":{"line":90,"column":21},"end":{"line":90,"column":31}},"52":{"start":{"line":91,"column":2},"end":{"line":91,"column":55}},"53":{"start":{"line":94,"column":0},"end":{"line":94,"column":39}},"54":{"start":{"line":95,"column":0},"end":{"line":95,"column":33}},"55":{"start":{"line":96,"column":0},"end":{"line":96,"column":49}},"56":{"start":{"line":97,"column":0},"end":{"line":97,"column":55}},"57":{"start":{"line":98,"column":0},"end":{"line":98,"column":53}},"58":{"start":{"line":99,"column":0},"end":{"line":99,"column":37}},"59":{"start":{"line":100,"column":0},"end":{"line":100,"column":37}},"60":{"start":{"line":101,"column":0},"end":{"line":101,"column":37}},"61":{"start":{"line":102,"column":0},"end":{"line":102,"column":29}},"62":{"start":{"line":103,"column":0},"end":{"line":103,"column":41}},"63":{"start":{"line":104,"column":0},"end":{"line":104,"column":33}}},"fnMap":{"0":{"name":"(anonymous_0)","decl":{"start":{"line":2,"column":19},"end":{"line":2,"column":20}},"loc":{"start":{"line":2,"column":28},"end":{"line":9,"column":1}},"line":2},"1":{"name":"(anonymous_1)","decl":{"start":{"line":11,"column":16},"end":{"line":11,"column":17}},"loc":{"start":{"line":11,"column":25},"end":{"line":11,"column":42}},"line":11},"2":{"name":"(anonymous_2)","decl":{"start":{"line":13,"column":24},"end":{"line":13,"column":25}},"loc":{"start":{"line":13,"column":33},"end":{"line":19,"column":1}},"line":13},"3":{"name":"(anonymous_3)","decl":{"start":{"line":21,"column":27},"end":{"line":21,"column":28}},"loc":{"start":{"line":21,"column":36},"end":{"line":42,"column":1}},"line":21},"4":{"name":"(anonymous_4)","decl":{"start":{"line":38,"column":9},"end":{"line":38,"column":10}},"loc":{"start":{"line":38,"column":20},"end":{"line":38,"column":75}},"line":38},"5":{"name":"(anonymous_5)","decl":{"start":{"line":44,"column":26},"end":{"line":44,"column":27}},"loc":{"start":{"line":44,"column":35},"end":{"line":47,"column":1}},"line":44},"6":{"name":"(anonymous_6)","decl":{"start":{"line":49,"column":18},"end":{"line":49,"column":19}},"loc":{"start":{"line":49,"column":44},"end":{"line":64,"column":1}},"line":49},"7":{"name":"(anonymous_7)","decl":{"start":{"line":66,"column":18},"end":{"line":66,"column":19}},"loc":{"start":{"line":66,"column":27},"end":{"line":66,"column":46}},"line":66},"8":{"name":"(anonymous_8)","decl":{"start":{"line":68,"column":18},"end":{"line":68,"column":19}},"loc":{"start":{"line":68,"column":27},"end":{"line":73,"column":1}},"line":68},"9":{"name":"(anonymous_9)","decl":{"start":{"line":75,"column":14},"end":{"line":75,"column":15}},"loc":{"start":{"line":75,"column":33},"end":{"line":75,"column":77}},"line":75},"10":{"name":"(anonymous_10)","decl":{"start":{"line":77,"column":20},"end":{"line":77,"column":21}},"loc":{"start":{"line":77,"column":29},"end":{"line":87,"column":1}},"line":77},"11":{"name":"(anonymous_11)","decl":{"start":{"line":80,"column":10},"end":{"line":80,"column":11}},"loc":{"start":{"line":80,"column":20},"end":{"line":80,"column":61}},"line":80},"12":{"name":"(anonymous_12)","decl":{"start":{"line":82,"column":27},"end":{"line":82,"column":28}},"loc":{"start":{"line":82,"column":37},"end":{"line":82,"column":73}},"line":82},"13":{"name":"(anonymous_13)","decl":{"start":{"line":86,"column":9},"end":{"line":86,"column":10}},"loc":{"start":{"line":86,"column":19},"end":{"line":86,"column":55}},"line":86},"14":{"name":"(anonymous_14)","decl":{"start":{"line":89,"column":16},"end":{"line":89,"column":17}},"loc":{"start":{"line":89,"column":25},"end":{"line":92,"column":1}},"line":89}},"branchMap":{"0":{"loc":{"start":{"line":3,"column":2},"end":{"line":5,"column":3}},"type":"if","locations":[{"start":{"line":3,"column":2},"end":{"line":5,"column":3}},{"start":{},"end":{}}],"line":3},"1":{"loc":{"start":{"line":14,"column":2},"end":{"line":16,"column":3}},"type":"if","locations":[{"start":{"line":14,"column":2},"end":{"line":16,"column":3}},{"start":{},"end":{}}],"line":14},"2":{"loc":{"start":{"line":38,"column":20},"end":{"line":38,"column":75}},"type":"cond-expr","locations":[{"start":{"line":38,"column":52},"end":{"line":38,"column":56}},{"start":{"line":38,"column":59},"end":{"line":38,"column":75}}],"line":38},"3":{"loc":{"start":{"line":49,"column":24},"end":{"line":49,"column":39}},"type":"default-arg","locations":[{"start":{"line":49,"column":36},"end":{"line":49,"column":39}}],"line":49},"4":{"loc":{"start":{"line":59,"column":4},"end":{"line":61,"column":5}},"type":"if","locations":[{"start":{"line":59,"column":4},"end":{"line":61,"column":5}},{"start":{},"end":{}}],"line":59},"5":{"loc":{"start":{"line":80,"column":20},"end":{"line":80,"column":61}},"type":"binary-expr","locations":[{"start":{"line":80,"column":20},"end":{"line":80,"column":39}},{"start":{"line":80,"column":43},"end":{"line":80,"column":61}}],"line":80},"6":{"loc":{"start":{"line":81,"column":2},"end":{"line":83,"column":3}},"type":"if","locations":[{"start":{"line":81,"column":2},"end":{"line":83,"column":3}},{"start":{},"end":{}}],"line":81}},"s":{"0":1,"1":17,"2":1,"3":16,"4":16,"5":16,"6":1,"7":2,"8":1,"9":2,"10":1,"11":1,"12":1,"13":1,"14":1,"15":1,"16":1,"17":1,"18":4,"19":1,"20":1,"21":3,"22":3,"23":1,"24":2,"25":2,"26":2,"27":2,"28":2,"29":2,"30":36,"31":32,"32":2,"33":1,"34":1,"35":1,"36":1,"37":1,"38":1,"39":1,"40":1,"41":1,"42":1,"43":2,"44":9,"45":2,"46":1,"47":1,"48":1,"49":3,"50":1,"51":2,"52":2,"53":1,"54":1,"55":1,"56":1,"57":1,"58":1,"59":1,"60":1,"61":1,"62":1,"63":1},"f":{"0":17,"1":2,"2":2,"3":1,"4":4,"5":3,"6":2,"7":1,"8":1,"9":1,"10":2,"11":9,"12":1,"13":3,"14":2},"b":{"0":[1,16],"1":[1,1],"2":[2,2],"3":[1],"4":[32,4],"5":[9,0],"6":[1,1]},"_coverageSchema":"1a1c01bbd47fc00a2c39e90264f33305004495a9","hash":"e7d339b6ab93c73e1c8f6def1c14cab158f1230a"}
}
