TN:
SF:src/index.js
FN:2,(anonymous_0)
FN:11,(anonymous_1)
FN:13,(anonymous_2)
FN:21,(anonymous_3)
FN:38,(anonymous_4)
FN:44,(anonymous_5)
FN:49,(anonymous_6)
FN:66,(anonymous_7)
FN:68,(anonymous_8)
FN:75,(anonymous_9)
FN:77,(anonymous_10)
FN:80,(anonymous_11)
FN:82,(anonymous_12)
FN:86,(anonymous_13)
FN:89,(anonymous_14)
FNF:15
FNH:15
FNDA:17,(anonymous_0)
FNDA:2,(anonymous_1)
FNDA:2,(anonymous_2)
FNDA:1,(anonymous_3)
FNDA:4,(anonymous_4)
FNDA:3,(anonymous_5)
FNDA:2,(anonymous_6)
FNDA:1,(anonymous_7)
FNDA:1,(anonymous_8)
FNDA:1,(anonymous_9)
FNDA:2,(anonymous_10)
FNDA:9,(anonymous_11)
FNDA:1,(anonymous_12)
FNDA:3,(anonymous_13)
FNDA:2,(anonymous_14)
DA:2,1
DA:3,17
DA:4,1
DA:6,16
DA:7,16
DA:8,16
DA:11,2
DA:13,1
DA:14,2
DA:15,1
DA:17,1
DA:18,1
DA:21,1
DA:22,1
DA:34,1
DA:35,1
DA:36,1
DA:38,4
DA:41,1
DA:44,1
DA:45,3
DA:46,3
DA:49,1
DA:50,2
DA:55,2
DA:56,2
DA:57,2
DA:58,2
DA:59,36
DA:60,32
DA:63,2
DA:66,1
DA:68,1
DA:69,1
DA:70,1
DA:71,1
DA:72,1
DA:75,1
DA:77,1
DA:78,2
DA:80,9
DA:81,2
DA:82,1
DA:84,1
DA:86,3
DA:89,1
DA:90,2
DA:91,2
DA:94,1
DA:95,1
DA:96,1
DA:97,1
DA:98,1
DA:99,1
DA:100,1
DA:101,1
DA:102,1
DA:103,1
DA:104,1
LF:59
LH:59
BRDA:3,0,0,1
BRDA:3,0,1,16
BRDA:14,1,0,1
BRDA:14,1,1,1
BRDA:38,2,0,2
BRDA:38,2,1,2
BRDA:49,3,0,1
BRDA:59,4,0,32
BRDA:59,4,1,4
BRDA:80,5,0,9
BRDA:80,5,1,0
BRDA:81,6,0,1
BRDA:81,6,1,1
BRF:13
BRH:12
end_of_record
